<?xml version="1.0" encoding="UTF-8"?>
<testsuite name="rest.addressbook.AddressBookServiceTest" tests="7" skipped="0" failures="0" errors="0" timestamp="2016-11-10T21:42:49" hostname="macAlvaro.local" time="2.454">
  <properties/>
  <testcase name="listUsers" classname="rest.addressbook.AddressBookServiceTest" time="1.56"/>
  <testcase name="deleteUsers" classname="rest.addressbook.AddressBookServiceTest" time="0.16"/>
  <testcase name="updateUsers" classname="rest.addressbook.AddressBookServiceTest" time="0.184"/>
  <testcase name="createUsers" classname="rest.addressbook.AddressBookServiceTest" time="0.167"/>
  <testcase name="serviceIsAlive" classname="rest.addressbook.AddressBookServiceTest" time="0.145"/>
  <testcase name="findUsers" classname="rest.addressbook.AddressBookServiceTest" time="0.11"/>
  <testcase name="createUser" classname="rest.addressbook.AddressBookServiceTest" time="0.126"/>
  <system-out><![CDATA[]]></system-out>
  <system-err><![CDATA[nov 10, 2016 10:42:50 PM org.glassfish.grizzly.http.server.NetworkListener start
INFORMACIÓN: Started listener bound to [localhost:8282]
nov 10, 2016 10:42:50 PM org.glassfish.grizzly.http.server.HttpServer start
INFORMACIÓN: [HttpServer] Started.
nov 10, 2016 10:42:51 PM org.glassfish.grizzly.http.server.NetworkListener shutdownNow
INFORMACIÓN: Stopped listener bound to [localhost:8282]
nov 10, 2016 10:42:51 PM org.glassfish.grizzly.http.server.NetworkListener start
INFORMACIÓN: Started listener bound to [localhost:8282]
nov 10, 2016 10:42:51 PM org.glassfish.grizzly.http.server.HttpServer start
INFORMACIÓN: [HttpServer-1] Started.
nov 10, 2016 10:42:51 PM org.glassfish.grizzly.http.server.NetworkListener shutdownNow
INFORMACIÓN: Stopped listener bound to [localhost:8282]
nov 10, 2016 10:42:51 PM org.glassfish.grizzly.http.server.NetworkListener start
INFORMACIÓN: Started listener bound to [localhost:8282]
nov 10, 2016 10:42:51 PM org.glassfish.grizzly.http.server.HttpServer start
INFORMACIÓN: [HttpServer-2] Started.
nov 10, 2016 10:42:51 PM org.glassfish.grizzly.http.server.NetworkListener shutdownNow
INFORMACIÓN: Stopped listener bound to [localhost:8282]
nov 10, 2016 10:42:51 PM org.glassfish.grizzly.http.server.NetworkListener start
INFORMACIÓN: Started listener bound to [localhost:8282]
nov 10, 2016 10:42:51 PM org.glassfish.grizzly.http.server.HttpServer start
INFORMACIÓN: [HttpServer-3] Started.
nov 10, 2016 10:42:51 PM org.glassfish.grizzly.http.server.NetworkListener shutdownNow
INFORMACIÓN: Stopped listener bound to [localhost:8282]
nov 10, 2016 10:42:51 PM org.glassfish.grizzly.http.server.NetworkListener start
INFORMACIÓN: Started listener bound to [localhost:8282]
nov 10, 2016 10:42:51 PM org.glassfish.grizzly.http.server.HttpServer start
INFORMACIÓN: [HttpServer-4] Started.
nov 10, 2016 10:42:51 PM org.glassfish.grizzly.http.server.NetworkListener shutdownNow
INFORMACIÓN: Stopped listener bound to [localhost:8282]
nov 10, 2016 10:42:51 PM org.glassfish.grizzly.http.server.NetworkListener start
INFORMACIÓN: Started listener bound to [localhost:8282]
nov 10, 2016 10:42:51 PM org.glassfish.grizzly.http.server.HttpServer start
INFORMACIÓN: [HttpServer-5] Started.
nov 10, 2016 10:42:51 PM org.glassfish.grizzly.http.server.NetworkListener shutdownNow
INFORMACIÓN: Stopped listener bound to [localhost:8282]
nov 10, 2016 10:42:51 PM org.glassfish.grizzly.http.server.NetworkListener start
INFORMACIÓN: Started listener bound to [localhost:8282]
nov 10, 2016 10:42:51 PM org.glassfish.grizzly.http.server.HttpServer start
INFORMACIÓN: [HttpServer-6] Started.
nov 10, 2016 10:42:51 PM org.glassfish.grizzly.http.server.NetworkListener shutdownNow
INFORMACIÓN: Stopped listener bound to [localhost:8282]
]]></system-err>
</testsuite>
